<?xml version="1.0" encoding="UTF-8"?>
<!-- Generated by org.testng.reporters.JUnitXMLReporter -->
<testsuite ignored="1" hostname="YI1011888LT" failures="0" tests="1" name="Test" time="42.532" errors="0" timestamp="2021-09-13T19:15:15 IST">
  <testcase classname="com.suite.test.CompanyAssociationTest" name="verifyDeAssociateComapnyMember" time="23.179"/>
  <testcase classname="com.suite.test.CompanyAssociationTest" name="verifyAssociateComapnyMember" time="0.0">
    <ignored/>
  </testcase> <!-- verifyAssociateComapnyMember -->
</testsuite> <!-- Test -->
