<?xml version="1.0" encoding="UTF-8"?>
<testng-results ignored="1" total="2" passed="1" failed="0" skipped="0">
  <reporter-output>
  </reporter-output>
  <suite started-at="2021-09-13T19:14:32 IST" name="Suite" finished-at="2021-09-13T19:15:15 IST" duration-ms="42532">
    <groups>
      <group name="E2E">
        <method signature="CompanyAssociationTest.verifyDeAssociateComapnyMember(java.lang.String, java.lang.String, java.lang.String, java.lang.String, java.lang.String, java.lang.String)[pri:0, instance:com.suite.test.CompanyAssociationTest@7ea9e1e2]" name="verifyDeAssociateComapnyMember" class="com.suite.test.CompanyAssociationTest"/>
      </group> <!-- E2E -->
      <group name="Smoke">
        <method signature="CompanyAssociationTest.verifyDeAssociateComapnyMember(java.lang.String, java.lang.String, java.lang.String, java.lang.String, java.lang.String, java.lang.String)[pri:0, instance:com.suite.test.CompanyAssociationTest@7ea9e1e2]" name="verifyDeAssociateComapnyMember" class="com.suite.test.CompanyAssociationTest"/>
      </group> <!-- Smoke -->
    </groups>
    <test started-at="2021-09-13T19:14:32 IST" name="Test" finished-at="2021-09-13T19:15:15 IST" duration-ms="42532">
      <class name="com.suite.test.CompanyAssociationTest">
        <test-method is-config="true" signature="LogInitializer()[pri:0, instance:com.suite.test.CompanyAssociationTest@7ea9e1e2]" started-at="2021-09-13T19:14:32 IST" name="LogInitializer" finished-at="2021-09-13T19:14:32 IST" duration-ms="241" status="PASS">
          <reporter-output>
          </reporter-output>
        </test-method> <!-- LogInitializer -->
        <test-method is-config="true" signature="setup(java.lang.String)[pri:0, instance:com.suite.test.CompanyAssociationTest@7ea9e1e2]" started-at="2021-09-13T19:14:33 IST" name="setup" finished-at="2021-09-13T19:14:50 IST" duration-ms="17676" status="PASS">
          <params>
            <param index="0">
              <value>
                <![CDATA[chrome]]>
              </value>
            </param>
          </params>
          <reporter-output>
          </reporter-output>
        </test-method> <!-- setup -->
        <test-method signature="verifyDeAssociateComapnyMember(java.lang.String, java.lang.String, java.lang.String, java.lang.String, java.lang.String, java.lang.String)[pri:0, instance:com.suite.test.CompanyAssociationTest@7ea9e1e2]" started-at="2021-09-13T19:14:50 IST" name="verifyDeAssociateComapnyMember" data-provider="AddApplication" finished-at="2021-09-13T19:15:14 IST" duration-ms="23179" status="PASS">
          <params>
            <param index="0">
              <value>
                <![CDATA[amrita.bhawsar@yash.com]]>
              </value>
            </param>
            <param index="1">
              <value>
                <![CDATA[India@123]]>
              </value>
            </param>
            <param index="2">
              <value>
                <![CDATA[automationApp]]>
              </value>
            </param>
            <param index="3">
              <value>
                <![CDATA[registered automation app]]>
              </value>
            </param>
            <param index="4">
              <value>
                <![CDATA[https://localhost:8080]]>
              </value>
            </param>
            <param index="5">
              <value>
                <![CDATA[https://localhost:8080]]>
              </value>
            </param>
          </params>
          <reporter-output>
          </reporter-output>
        </test-method> <!-- verifyDeAssociateComapnyMember -->
        <test-method is-config="true" signature="closer()[pri:0, instance:com.suite.test.CompanyAssociationTest@7ea9e1e2]" started-at="2021-09-13T19:15:14 IST" name="closer" finished-at="2021-09-13T19:15:15 IST" duration-ms="981" status="PASS">
          <reporter-output>
          </reporter-output>
        </test-method> <!-- closer -->
        <test-method is-config="true" signature="afterSuite()[pri:0, instance:com.suite.test.CompanyAssociationTest@7ea9e1e2]" started-at="2021-09-13T19:15:15 IST" name="afterSuite" finished-at="2021-09-13T19:15:15 IST" duration-ms="714" status="PASS">
          <reporter-output>
          </reporter-output>
        </test-method> <!-- afterSuite -->
      </class> <!-- com.suite.test.CompanyAssociationTest -->
    </test> <!-- Test -->
  </suite> <!-- Suite -->
</testng-results>
